<?xml version="1.0" encoding="utf-8"?><testsuites name="pytest tests"><testsuite name="pytest" errors="0" failures="0" skipped="0" tests="21" time="0.167" timestamp="2025-08-16T09:15:26.779321+00:00" hostname="Charless-MacBook-Pro.local"><testcase classname="tests.integrations.test_server_integration" name="test_full_login_book_logout_flow" time="0.020" /><testcase classname="tests.integrations.test_server_integration" name="test_points_persist_in_memory_after_booking" time="0.003" /><testcase classname="tests.integrations.test_server_integration" name="test_concurrent_bookings_maintain_consistency" time="0.002" /><testcase classname="tests.integrations.test_server_integration" name="test_booking_updates_reflected_in_scoreboard" time="0.002" /><testcase classname="tests.units.test_server_unit" name="test_index_page_renders" time="0.001" /><testcase classname="tests.units.test_server_unit" name="test_unknown_email_redirects_with_flash" time="0.002" /><testcase classname="tests.units.test_server_unit" name="test_show_summary_valid_email" time="0.001" /><testcase classname="tests.units.test_server_unit" name="test_book_page_valid_route" time="0.001" /><testcase classname="tests.units.test_server_unit" name="test_book_invalid_route_redirects" time="0.003" /><testcase classname="tests.units.test_server_unit" name="test_purchase_invalid_competition_or_club" time="0.001" /><testcase classname="tests.units.test_server_unit" name="test_purchase_invalid_places_value" time="0.001" /><testcase classname="tests.units.test_server_unit" name="test_purchase_non_positive_places" time="0.001" /><testcase classname="tests.units.test_server_unit" name="test_purchase_more_than_twelve_rejected" time="0.001" /><testcase classname="tests.units.test_server_unit" name="test_purchase_more_than_available_rejected" time="0.001" /><testcase classname="tests.units.test_server_unit" name="test_purchase_more_than_points_rejected" time="0.001" /><testcase classname="tests.units.test_server_unit" name="test_successful_booking_deducts_points_and_places" time="0.001" /><testcase classname="tests.units.test_server_unit" name="test_public_scoreboard_accessible" time="0.001" /><testcase classname="tests.units.test_server_unit" name="test_login_link_to_scoreboard_present" time="0.001" /><testcase classname="tests.units.test_server_unit" name="test_points_deduction_persists_to_json" time="0.001" /><testcase classname="tests.units.test_server_unit" name="test_cannot_book_past_competition" time="0.002" /><testcase classname="tests.units.test_server_unit" name="test_multiple_bookings_accumulate_deductions" time="0.002" /></testsuite></testsuites>